Apr 10, 2026 5:43:46 AM org.main.Objects.RewriteRule validatePredicate
WARNING: Rule not applicable to input predicate, as predicates are mismatched.
Apr 10, 2026 5:44:21 AM org.main.Objects.RewriteRule validatePredicate
WARNING: Rule not applicable to input predicate, as predicates are mismatched.
Apr 10, 2026 11:57:03 A.M. org.main.ConfigSetup createDefaultConfig
WARNING: No config found or provided, will create default file, empty by default,nothing will be loaded
Apr 10, 2026 11:57:03 A.M. org.main.Objects.RewriteRule validatePredicate
WARNING: Rule not applicable to input predicate, as predicates are mismatched.
Apr 10, 2026 11:59:05 A.M. org.main.ConfigSetup createDefaultConfig
WARNING: No config found or provided, will create default file, empty by default,nothing will be loaded
Apr 10, 2026 11:59:05 A.M. org.main.Objects.RewriteRule validatePredicate
WARNING: Rule not applicable to input predicate, as predicates are mismatched.
Apr 10, 2026 12:02:19 P.M. org.main.ConfigSetup createDefaultConfig
WARNING: No config found or provided, will create default file, empty by default,nothing will be loaded
Apr 10, 2026 12:02:19 P.M. org.main.Objects.RewriteRule validatePredicate
WARNING: Rule not applicable to input predicate, as predicates are mismatched.
Apr 10, 2026 12:02:33 P.M. org.main.ConfigSetup createDefaultConfig
WARNING: No config found or provided, will create default file, empty by default,nothing will be loaded
Apr 10, 2026 12:02:33 P.M. org.main.Objects.RewriteRule validatePredicate
WARNING: Rule not applicable to input predicate, as predicates are mismatched.
Apr 14, 2026 9:26:19 A.M. org.main.AnalogyDataHolder addAnalogiesFromFile
WARNING: Threads given was less then zero, will default to one thread
Apr 14, 2026 9:27:01 A.M. org.main.AnalogyDataHolder addAnalogiesFromFile
WARNING: Threads given was less then zero, will default to one thread
Apr 14, 2026 9:27:54 A.M. org.main.AnalogyDataHolder addAnalogiesFromFile
WARNING: Threads given was less then zero, will default to one thread
Apr 14, 2026 9:28:42 A.M. org.main.AnalogyDataHolder addAnalogiesFromFile
WARNING: Threads given was less then zero, will default to one thread
Apr 14, 2026 9:28:42 A.M. org.main.ReWriter reWriteAnalogyAllPermuatations
WARNING: no relevant rules for analogy (if(can(cause *AIDS(some death(when crushing(crush something)))))(can(succeed_at *AIDS(crush something)))) returning nothing
Apr 14, 2026 9:32:01 A.M. org.main.AnalogyDataHolder addAnalogiesFromFile
WARNING: Threads given was less then zero, will default to one thread
Apr 14, 2026 9:32:58 A.M. org.main.AnalogyDataHolder addAnalogiesFromFile
WARNING: Threads given was less then zero, will default to one thread
Apr 14, 2026 9:33:24 A.M. org.main.AnalogyDataHolder addAnalogiesFromFile
WARNING: Threads given was less then zero, will default to one thread
Apr 14, 2026 9:33:49 A.M. org.main.AnalogyDataHolder addAnalogiesFromFile
WARNING: Threads given was less then zero, will default to one thread
Apr 14, 2026 9:34:41 A.M. org.main.AnalogyDataHolder addAnalogiesFromFile
WARNING: Threads given was less then zero, will default to one thread
Apr 14, 2026 9:35:05 A.M. org.main.AnalogyDataHolder addAnalogiesFromFile
WARNING: Threads given was less then zero, will default to one thread
Apr 14, 2026 9:37:59 A.M. org.main.AnalogyDataHolder addAnalogiesFromFile
WARNING: Threads given was less then zero, will default to one thread
Apr 14, 2026 9:39:46 A.M. org.main.AnalogyDataHolder addAnalogiesFromFile
WARNING: Threads given was less then zero, will default to one thread
Apr 14, 2026 9:40:20 A.M. org.main.AnalogyDataHolder addAnalogiesFromFile
WARNING: Threads given was less then zero, will default to one thread
Apr 14, 2026 9:40:30 A.M. org.main.AnalogyDataHolder addAnalogiesFromFile
WARNING: Threads given was less then zero, will default to one thread
Apr 14, 2026 9:41:31 A.M. org.main.AnalogyDataHolder addAnalogiesFromFile
WARNING: Threads given was less then zero, will default to one thread
Apr 14, 2026 9:43:04 A.M. org.main.AnalogyDataHolder addAnalogiesFromFile
WARNING: Threads given was less then zero, will default to one thread
Apr 14, 2026 9:44:48 A.M. org.main.AnalogyDataHolder addAnalogiesFromFile
WARNING: Threads given was less then zero, will default to one thread
Apr 14, 2026 9:50:03 A.M. org.main.AnalogyDataHolder addAnalogiesFromFile
WARNING: Threads given was less then zero, will default to one thread
Apr 14, 2026 9:50:55 A.M. org.main.AnalogyDataHolder addAnalogiesFromFile
WARNING: Threads given was less then zero, will default to one thread
Apr 14, 2026 9:51:04 A.M. org.main.AnalogyDataHolder addAnalogiesFromFile
WARNING: Threads given was less then zero, will default to one thread
Apr 14, 2026 9:52:45 A.M. org.main.AnalogyDataHolder addAnalogiesFromFile
WARNING: Threads given was less then zero, will default to one thread
Apr 14, 2026 9:54:23 A.M. org.main.AnalogyDataHolder addAnalogiesFromFile
WARNING: Threads given was less then zero, will default to one thread
Apr 14, 2026 9:56:33 A.M. org.main.AnalogyDataHolder addAnalogiesFromFile
WARNING: Threads given was less then zero, will default to one thread
Apr 14, 2026 9:57:30 A.M. org.main.AnalogyDataHolder addAnalogiesFromFile
WARNING: Threads given was less then zero, will default to one thread
Apr 14, 2026 9:58:00 A.M. org.main.AnalogyDataHolder addAnalogiesFromFile
WARNING: Threads given was less then zero, will default to one thread
Apr 14, 2026 10:00:13 A.M. org.main.AnalogyDataHolder addAnalogiesFromFile
WARNING: Threads given was less then zero, will default to one thread
Apr 14, 2026 10:13:06 A.M. org.main.AnalogyDataHolder addAnalogiesFromFile
WARNING: Threads given was less then zero, will default to one thread
Apr 14, 2026 10:13:12 A.M. org.main.AnalogyDataHolder addAnalogiesFromFile
WARNING: Threads given was less then zero, will default to one thread
Apr 14, 2026 10:13:13 A.M. org.main.AnalogyDataHolder addAnalogiesFromFile
WARNING: Threads given was less then zero, will default to one thread
Apr 14, 2026 10:13:17 A.M. org.main.AnalogyDataHolder addAnalogiesFromFile
WARNING: Threads given was less then zero, will default to one thread
Apr 14, 2026 10:14:21 A.M. org.main.AnalogyDataHolder addAnalogiesFromFile
WARNING: Threads given was less then zero, will default to one thread
Apr 14, 2026 10:16:43 A.M. org.main.AnalogyDataHolder addAnalogiesFromFile
WARNING: Threads given was less then zero, will default to one thread
Apr 14, 2026 10:17:05 A.M. org.main.AnalogyDataHolder addAnalogiesFromFile
WARNING: Threads given was less then zero, will default to one thread
Apr 14, 2026 10:17:36 A.M. org.main.AnalogyDataHolder addAnalogiesFromFile
WARNING: Threads given was less then zero, will default to one thread
Apr 14, 2026 10:18:08 A.M. org.main.AnalogyDataHolder addAnalogiesFromFile
WARNING: Threads given was less then zero, will default to one thread
Apr 14, 2026 10:18:22 A.M. org.main.AnalogyDataHolder addAnalogiesFromFile
WARNING: Threads given was less then zero, will default to one thread
Apr 14, 2026 10:18:37 A.M. org.main.AnalogyDataHolder addAnalogiesFromFile
WARNING: Threads given was less then zero, will default to one thread
Apr 14, 2026 10:20:16 A.M. org.main.AnalogyDataHolder addAnalogiesFromFile
WARNING: Threads given was less then zero, will default to one thread
Apr 14, 2026 10:20:53 A.M. org.main.AnalogyDataHolder addAnalogiesFromFile
WARNING: Threads given was less then zero, will default to one thread
Apr 14, 2026 10:21:19 A.M. org.main.AnalogyDataHolder addAnalogiesFromFile
WARNING: Threads given was less then zero, will default to one thread
Apr 14, 2026 10:22:00 A.M. org.main.AnalogyDataHolder addAnalogiesFromFile
WARNING: Threads given was less then zero, will default to one thread
Apr 14, 2026 10:23:19 A.M. org.main.AnalogyDataHolder addAnalogiesFromFile
WARNING: Threads given was less then zero, will default to one thread
Apr 14, 2026 10:23:58 A.M. org.main.AnalogyDataHolder addAnalogiesFromFile
WARNING: Threads given was less then zero, will default to one thread
Apr 14, 2026 10:27:26 A.M. org.main.AnalogyDataHolder addAnalogiesFromFile
WARNING: Threads given was less then zero, will default to one thread
Apr 14, 2026 10:27:39 A.M. org.main.AnalogyDataHolder addAnalogiesFromFile
WARNING: Threads given was less then zero, will default to one thread
Apr 14, 2026 10:27:52 A.M. org.main.AnalogyDataHolder addAnalogiesFromFile
WARNING: Threads given was less then zero, will default to one thread
Apr 14, 2026 11:07:27 A.M. org.main.AnalogyDataHolder addAnalogiesFromFile
WARNING: Threads given was less then zero, will default to one thread
Apr 14, 2026 11:08:15 A.M. org.main.AnalogyDataHolder addAnalogiesFromFile
WARNING: Threads given was less then zero, will default to one thread
Apr 14, 2026 11:09:12 A.M. org.main.AnalogyDataHolder addAnalogiesFromFile
WARNING: Threads given was less then zero, will default to one thread
Apr 14, 2026 11:09:38 A.M. org.main.AnalogyDataHolder addAnalogiesFromFile
WARNING: Threads given was less then zero, will default to one thread
Apr 14, 2026 11:10:30 A.M. org.main.AnalogyDataHolder addAnalogiesFromFile
WARNING: Threads given was less then zero, will default to one thread
Apr 14, 2026 11:11:01 A.M. org.main.AnalogyDataHolder addAnalogiesFromFile
WARNING: Threads given was less then zero, will default to one thread
Apr 14, 2026 11:12:20 A.M. org.main.AnalogyDataHolder addAnalogiesFromFile
WARNING: Threads given was less then zero, will default to one thread
Apr 14, 2026 11:15:07 A.M. org.main.AnalogyDataHolder addAnalogiesFromFile
WARNING: Threads given was less then zero, will default to one thread
Apr 14, 2026 11:18:04 A.M. org.main.AnalogyDataHolder addAnalogiesFromFile
WARNING: Threads given was less then zero, will default to one thread
Apr 14, 2026 11:40:55 A.M. org.main.AnalogyDataHolder addAnalogiesFromFile
WARNING: Threads given was less then zero, will default to one thread
Apr 14, 2026 11:46:23 A.M. org.main.AnalogyDataHolder addAnalogiesFromFile
WARNING: Threads given was less then zero, will default to one thread
Apr 14, 2026 11:49:16 A.M. org.main.AnalogyDataHolder addAnalogiesFromFile
WARNING: Threads given was less then zero, will default to one thread
Apr 14, 2026 11:51:34 A.M. org.main.AnalogyDataHolder addAnalogiesFromFile
WARNING: Threads given was less then zero, will default to one thread
Apr 14, 2026 12:03:05 P.M. org.main.AnalogyDataHolder addAnalogiesFromFile
WARNING: Threads given was less then zero, will default to one thread
Apr 14, 2026 12:03:19 P.M. org.main.AnalogyDataHolder addAnalogiesFromFile
WARNING: Threads given was less then zero, will default to one thread
Apr 14, 2026 12:03:57 P.M. org.main.AnalogyDataHolder addAnalogiesFromFile
WARNING: Threads given was less then zero, will default to one thread
Apr 14, 2026 12:13:29 P.M. org.main.AnalogyDataHolder addAnalogiesFromFile
WARNING: Threads given was less then zero, will default to one thread
Apr 14, 2026 12:15:16 P.M. org.main.AnalogyDataHolder addAnalogiesFromFile
WARNING: Threads given was less then zero, will default to one thread
Apr 14, 2026 12:15:29 P.M. org.main.AnalogyDataHolder addAnalogiesFromFile
WARNING: Threads given was less then zero, will default to one thread
Apr 14, 2026 12:15:52 P.M. org.main.AnalogyDataHolder addAnalogiesFromFile
WARNING: Threads given was less then zero, will default to one thread
Apr 14, 2026 12:16:58 P.M. org.main.AnalogyDataHolder addAnalogiesFromFile
WARNING: Threads given was less then zero, will default to one thread
Apr 14, 2026 12:17:48 P.M. org.main.AnalogyDataHolder addAnalogiesFromFile
WARNING: Threads given was less then zero, will default to one thread
Apr 14, 2026 12:18:30 P.M. org.main.AnalogyDataHolder addAnalogiesFromFile
WARNING: Threads given was less then zero, will default to one thread
Apr 14, 2026 12:19:41 P.M. org.main.AnalogyDataHolder addAnalogiesFromFile
WARNING: Threads given was less then zero, will default to one thread
Apr 14, 2026 12:19:52 P.M. org.main.AnalogyDataHolder addAnalogiesFromFile
WARNING: Threads given was less then zero, will default to one thread
Apr 14, 2026 12:20:47 P.M. org.main.AnalogyDataHolder addAnalogiesFromFile
WARNING: Threads given was less then zero, will default to one thread
Apr 14, 2026 12:21:21 P.M. org.main.AnalogyDataHolder addAnalogiesFromFile
WARNING: Threads given was less then zero, will default to one thread
Apr 14, 2026 12:23:16 P.M. org.main.AnalogyDataHolder addAnalogiesFromFile
WARNING: Threads given was less then zero, will default to one thread
Apr 14, 2026 12:23:34 P.M. org.main.AnalogyDataHolder addAnalogiesFromFile
WARNING: Threads given was less then zero, will default to one thread
Apr 14, 2026 12:24:42 P.M. org.main.AnalogyDataHolder addAnalogiesFromFile
WARNING: Threads given was less then zero, will default to one thread
Apr 14, 2026 12:25:47 P.M. org.main.AnalogyDataHolder addAnalogiesFromFile
WARNING: Threads given was less then zero, will default to one thread
Apr 14, 2026 12:26:37 P.M. org.main.AnalogyDataHolder addAnalogiesFromFile
WARNING: Threads given was less then zero, will default to one thread
Apr 14, 2026 12:27:21 P.M. org.main.AnalogyDataHolder addAnalogiesFromFile
WARNING: Threads given was less then zero, will default to one thread
Apr 14, 2026 12:29:20 P.M. org.main.AnalogyDataHolder addAnalogiesFromFile
WARNING: Threads given was less then zero, will default to one thread
Apr 14, 2026 12:30:07 P.M. org.main.AnalogyDataHolder addAnalogiesFromFile
WARNING: Threads given was less then zero, will default to one thread
Apr 14, 2026 12:31:07 P.M. org.main.AnalogyDataHolder addAnalogiesFromFile
WARNING: Threads given was less then zero, will default to one thread
Apr 14, 2026 12:31:21 P.M. org.main.AnalogyDataHolder addAnalogiesFromFile
WARNING: Threads given was less then zero, will default to one thread
Apr 14, 2026 12:32:05 P.M. org.main.AnalogyDataHolder addAnalogiesFromFile
WARNING: Threads given was less then zero, will default to one thread
Apr 14, 2026 12:32:16 P.M. org.main.AnalogyDataHolder addAnalogiesFromFile
WARNING: Threads given was less then zero, will default to one thread
Apr 14, 2026 12:32:38 P.M. org.main.AnalogyDataHolder addAnalogiesFromFile
WARNING: Threads given was less then zero, will default to one thread
Apr 14, 2026 12:35:29 P.M. org.main.Objects.RewriteRule validatePredicate
WARNING: Rule not applicable to input predicate, as predicates are mismatched.
Apr 14, 2026 12:35:41 P.M. org.main.Objects.RewriteRule validatePredicate
WARNING: Rule not applicable to input predicate, as predicates are mismatched.
